<?xml version="1.0" encoding="UTF-8"?>
<!-- Generated by org.testng.reporters.JUnitReportReporter -->
<testsuite hostname="LAPTOP-RPU5051R" name="excelReader_Package.Snippet" tests="1" failures="0" timestamp="3 May 2020 08:05:25 GMT" time="0.439" errors="0">
  <testcase name="redingExcelData" time="0.439" classname="excelReader_Package.Snippet"/>
</testsuite> <!-- excelReader_Package.Snippet -->
