<?xml version="1.0" encoding="UTF-8"?>
<!-- Generated by org.testng.reporters.JUnitReportReporter -->
<testsuite hostname="LAPTOP-RPU5051R" name="mainPackage.CallingClass" tests="1" failures="0" timestamp="24 Aug 2019 07:04:30 GMT" time="12.879" errors="0">
  <testcase name="mainMethod" time="12.879" classname="mainPackage.CallingClass"/>
</testsuite> <!-- mainPackage.CallingClass -->
